<?xml version="1.0" encoding="UTF-8"?>
<!-- Generated by org.testng.reporters.JUnitReportReporter -->
<testsuite hostname="DESKTOP-58TU8IC" failures="0" tests="1" name="TestSelenium" time="0.029" errors="0" timestamp="2024-06-22T12:49:43 EDT" skipped="0">
  <testcase classname="TestSelenium" name="myTest" time="0.029"/>
  <system-out/>
</testsuite> <!-- TestSelenium -->
