<?xml version="1.0" encoding="UTF-8"?>
<!-- Generated by org.testng.reporters.JUnitReportReporter -->
<testsuite hostname="DESKTOP-58TU8IC" failures="0" tests="2" name="demoReg.TestSelenium" time="7.212" errors="0" timestamp="2024-06-24T13:03:55 EDT" skipped="1">
  <testcase classname="demoReg.TestSelenium" name="myTest2" time="7.212"/>
  <system-out/>
  <testcase classname="demoReg.TestSelenium" name="myTest">
    <skipped/>
  </testcase> <!-- myTest -->
  <system-out/>
</testsuite> <!-- demoReg.TestSelenium -->
